c:\users\seraphimspawn\source\repos\ne4ns\ne4ns\c\networksampling\networksampling\debug\networksampling.pch
c:\users\seraphimspawn\source\repos\ne4ns\ne4ns\c\networksampling\networksampling\debug\vc141.pdb
c:\users\seraphimspawn\source\repos\ne4ns\ne4ns\c\networksampling\networksampling\debug\vc141.idb
c:\users\seraphimspawn\source\repos\ne4ns\ne4ns\c\networksampling\networksampling\debug\stdafx.obj
c:\users\seraphimspawn\source\repos\ne4ns\ne4ns\c\networksampling\networksampling\debug\networksampling.obj
c:\users\seraphimspawn\source\repos\ne4ns\ne4ns\c\networksampling\networksampling\debug\dllmain.obj
c:\users\seraphimspawn\source\repos\ne4ns\ne4ns\c\networksampling\networksampling\debug\libscratch.obj
c:\users\seraphimspawn\source\repos\ne4ns\ne4ns\c\networksampling\networksampling\debug\network_sample_estimates.obj
c:\users\seraphimspawn\source\repos\ne4ns\ne4ns\c\networksampling\debug\networksampling.ilk
c:\users\seraphimspawn\source\repos\ne4ns\ne4ns\c\networksampling\debug\networksampling.dll
c:\users\seraphimspawn\source\repos\ne4ns\ne4ns\c\networksampling\debug\networksampling.pdb
c:\users\seraphimspawn\source\repos\ne4ns\ne4ns\c\networksampling\debug\networksampling.lib
c:\users\seraphimspawn\source\repos\ne4ns\ne4ns\c\networksampling\debug\networksampling.exp
c:\users\seraphimspawn\source\repos\ne4ns\ne4ns\c\networksampling\networksampling\debug\networksampling.tlog\cl.command.1.tlog
c:\users\seraphimspawn\source\repos\ne4ns\ne4ns\c\networksampling\networksampling\debug\networksampling.tlog\cl.read.1.tlog
c:\users\seraphimspawn\source\repos\ne4ns\ne4ns\c\networksampling\networksampling\debug\networksampling.tlog\cl.write.1.tlog
c:\users\seraphimspawn\source\repos\ne4ns\ne4ns\c\networksampling\networksampling\debug\networksampling.tlog\link.command.1.tlog
c:\users\seraphimspawn\source\repos\ne4ns\ne4ns\c\networksampling\networksampling\debug\networksampling.tlog\link.read.1.tlog
c:\users\seraphimspawn\source\repos\ne4ns\ne4ns\c\networksampling\networksampling\debug\networksampling.tlog\link.write.1.tlog
c:\users\seraphimspawn\source\repos\ne4ns\ne4ns\c\networksampling\networksampling\debug\networksampling.tlog\networksampling.write.1u.tlog
